{"/Users/vinicioswentz/Documents/NestJS/nestjs-task-management/src/auth/get-user.decorator.ts": {"path":"/Users/vinicioswentz/Documents/NestJS/nestjs-task-management/src/auth/get-user.decorator.ts","statementMap":{"0":{"start":{"line":1,"column":0},"end":{"line":1,"column":54}},"1":{"start":{"line":4,"column":13},"end":{"line":7,"column":5}},"2":{"start":{"line":6,"column":4},"end":{"line":6,"column":24}}},"fnMap":{"0":{"name":"(anonymous_0)","decl":{"start":{"line":5,"column":23},"end":{"line":5,"column":24}},"loc":{"start":{"line":5,"column":57},"end":{"line":7,"column":3}}}},"branchMap":{},"s":{"0":1,"1":1,"2":0},"f":{"0":0},"b":{}}
,"/Users/vinicioswentz/Documents/NestJS/nestjs-task-management/src/auth/user.builder.ts": {"path":"/Users/vinicioswentz/Documents/NestJS/nestjs-task-management/src/auth/user.builder.ts","statementMap":{"0":{"start":{"line":1,"column":0},"end":{"line":1,"column":46}},"1":{"start":{"line":9,"column":4},"end":{"line":9,"column":29}},"2":{"start":{"line":10,"column":4},"end":{"line":10,"column":16}},"3":{"start":{"line":14,"column":4},"end":{"line":14,"column":29}},"4":{"start":{"line":15,"column":4},"end":{"line":15,"column":16}},"5":{"start":{"line":19,"column":4},"end":{"line":19,"column":21}},"6":{"start":{"line":20,"column":4},"end":{"line":20,"column":16}},"7":{"start":{"line":24,"column":23},"end":{"line":24,"column":33}},"8":{"start":{"line":25,"column":4},"end":{"line":25,"column":34}},"9":{"start":{"line":26,"column":4},"end":{"line":26,"column":34}},"10":{"start":{"line":27,"column":4},"end":{"line":27,"column":26}},"11":{"start":{"line":28,"column":4},"end":{"line":28,"column":16}},"12":{"start":{"line":3,"column":0},"end":{"line":3,"column":13}}},"fnMap":{"0":{"name":"(anonymous_0)","decl":{"start":{"line":8,"column":9},"end":{"line":8,"column":20}},"loc":{"start":{"line":8,"column":37},"end":{"line":11,"column":3}}},"1":{"name":"(anonymous_1)","decl":{"start":{"line":13,"column":9},"end":{"line":13,"column":20}},"loc":{"start":{"line":13,"column":37},"end":{"line":16,"column":3}}},"2":{"name":"(anonymous_2)","decl":{"start":{"line":18,"column":9},"end":{"line":18,"column":16}},"loc":{"start":{"line":18,"column":29},"end":{"line":21,"column":3}}},"3":{"name":"(anonymous_3)","decl":{"start":{"line":23,"column":9},"end":{"line":23,"column":14}},"loc":{"start":{"line":23,"column":14},"end":{"line":29,"column":3}}}},"branchMap":{},"s":{"0":2,"1":0,"2":0,"3":0,"4":0,"5":0,"6":0,"7":0,"8":0,"9":0,"10":0,"11":0,"12":2},"f":{"0":0,"1":0,"2":0,"3":0},"b":{}}
,"/Users/vinicioswentz/Documents/NestJS/nestjs-task-management/src/auth/controllers/auth.controller.ts": {"path":"/Users/vinicioswentz/Documents/NestJS/nestjs-task-management/src/auth/controllers/auth.controller.ts","statementMap":{"0":{"start":{"line":1,"column":0},"end":{"line":1,"column":72}},"1":{"start":{"line":2,"column":0},"end":{"line":2,"column":65}},"2":{"start":{"line":3,"column":0},"end":{"line":3,"column":55}},"3":{"start":{"line":6,"column":0},"end":{"line":19,"column":null}},"4":{"start":{"line":8,"column":22},"end":{"line":8,"column":35}},"5":{"start":{"line":12,"column":4},"end":{"line":12,"column":55}},"6":{"start":{"line":17,"column":4},"end":{"line":17,"column":55}},"7":{"start":{"line":11,"column":2},"end":{"line":13,"column":null}},"8":{"start":{"line":16,"column":2},"end":{"line":18,"column":null}},"9":{"start":{"line":6,"column":13},"end":{"line":19,"column":null}},"10":{"start":{"line":6,"column":13},"end":{"line":6,"column":27}}},"fnMap":{"0":{"name":"(anonymous_4)","decl":{"start":{"line":8,"column":2},"end":{"line":8,"column":22}},"loc":{"start":{"line":8,"column":46},"end":{"line":8,"column":51}}},"1":{"name":"(anonymous_5)","decl":{"start":{"line":11,"column":9},"end":{"line":11,"column":14}},"loc":{"start":{"line":11,"column":82},"end":{"line":13,"column":3}}},"2":{"name":"(anonymous_6)","decl":{"start":{"line":16,"column":9},"end":{"line":16,"column":14}},"loc":{"start":{"line":16,"column":82},"end":{"line":18,"column":3}}}},"branchMap":{},"s":{"0":1,"1":1,"2":1,"3":1,"4":0,"5":0,"6":0,"7":1,"8":1,"9":1,"10":1},"f":{"0":0,"1":0,"2":0},"b":{}}
,"/Users/vinicioswentz/Documents/NestJS/nestjs-task-management/src/auth/dto/auth-credentials.dto.ts": {"path":"/Users/vinicioswentz/Documents/NestJS/nestjs-task-management/src/auth/dto/auth-credentials.dto.ts","statementMap":{"0":{"start":{"line":1,"column":0},"end":{"line":1,"column":74}},"1":{"start":{"line":7,"column":2},"end":{"line":7,"column":null}},"2":{"start":{"line":16,"column":2},"end":{"line":16,"column":null}},"3":{"start":{"line":3,"column":0},"end":{"line":3,"column":13}}},"fnMap":{},"branchMap":{},"s":{"0":1,"1":1,"2":1,"3":1},"f":{},"b":{}}
,"/Users/vinicioswentz/Documents/NestJS/nestjs-task-management/src/auth/entities/user.entity.ts": {"path":"/Users/vinicioswentz/Documents/NestJS/nestjs-task-management/src/auth/entities/user.entity.ts","statementMap":{"0":{"start":{"line":1,"column":0},"end":{"line":1,"column":96}},"1":{"start":{"line":2,"column":0},"end":{"line":2,"column":33}},"2":{"start":{"line":3,"column":0},"end":{"line":3,"column":56}},"3":{"start":{"line":7,"column":0},"end":{"line":27,"column":null}},"4":{"start":{"line":24,"column":25},"end":{"line":24,"column":63}},"5":{"start":{"line":25,"column":4},"end":{"line":25,"column":34}},"6":{"start":{"line":9,"column":2},"end":{"line":9,"column":null}},"7":{"start":{"line":12,"column":2},"end":{"line":12,"column":null}},"8":{"start":{"line":15,"column":2},"end":{"line":15,"column":null}},"9":{"start":{"line":18,"column":2},"end":{"line":18,"column":null}},"10":{"start":{"line":21,"column":2},"end":{"line":21,"column":null}},"11":{"start":{"line":20,"column":21},"end":{"line":20,"column":25}},"12":{"start":{"line":20,"column":35},"end":{"line":20,"column":44}},"13":{"start":{"line":7,"column":13},"end":{"line":27,"column":null}},"14":{"start":{"line":7,"column":13},"end":{"line":7,"column":17}}},"fnMap":{"0":{"name":"(anonymous_2)","decl":{"start":{"line":23,"column":9},"end":{"line":23,"column":14}},"loc":{"start":{"line":23,"column":48},"end":{"line":26,"column":3}}},"1":{"name":"(anonymous_3)","decl":{"start":{"line":20,"column":13},"end":{"line":20,"column":17}},"loc":{"start":{"line":20,"column":21},"end":{"line":20,"column":25}}},"2":{"name":"(anonymous_4)","decl":{"start":{"line":20,"column":27},"end":{"line":20,"column":31}},"loc":{"start":{"line":20,"column":35},"end":{"line":20,"column":44}}}},"branchMap":{},"s":{"0":4,"1":4,"2":4,"3":4,"4":0,"5":0,"6":4,"7":4,"8":4,"9":4,"10":4,"11":0,"12":0,"13":4,"14":4},"f":{"0":0,"1":0,"2":0},"b":{}}
,"/Users/vinicioswentz/Documents/NestJS/nestjs-task-management/src/auth/repositories/user.repository.ts": {"path":"/Users/vinicioswentz/Documents/NestJS/nestjs-task-management/src/auth/repositories/user.repository.ts","statementMap":{"0":{"start":{"line":1,"column":0},"end":{"line":1,"column":55}},"1":{"start":{"line":2,"column":0},"end":{"line":2,"column":47}},"2":{"start":{"line":4,"column":0},"end":{"line":4,"column":46}},"3":{"start":{"line":5,"column":0},"end":{"line":5,"column":100}},"4":{"start":{"line":6,"column":0},"end":{"line":6,"column":33}},"5":{"start":{"line":8,"column":0},"end":{"line":8,"column":null}},"6":{"start":{"line":9,"column":2},"end":{"line":9,"column":null}},"7":{"start":{"line":13,"column":0},"end":{"line":53,"column":null}},"8":{"start":{"line":15,"column":29},"end":{"line":15,"column":56}},"9":{"start":{"line":16,"column":29},"end":{"line":16,"column":56}},"10":{"start":{"line":18,"column":25},"end":{"line":18,"column":47}},"11":{"start":{"line":19,"column":35},"end":{"line":19,"column":74}},"12":{"start":{"line":21,"column":23},"end":{"line":25,"column":14}},"13":{"start":{"line":27,"column":4},"end":{"line":34,"column":null}},"14":{"start":{"line":28,"column":6},"end":{"line":28,"column":24}},"15":{"start":{"line":30,"column":6},"end":{"line":32,"column":null}},"16":{"start":{"line":31,"column":8},"end":{"line":31,"column":64}},"17":{"start":{"line":33,"column":6},"end":{"line":33,"column":47}},"18":{"start":{"line":38,"column":29},"end":{"line":38,"column":56}},"19":{"start":{"line":39,"column":29},"end":{"line":39,"column":56}},"20":{"start":{"line":41,"column":23},"end":{"line":41,"column":65}},"21":{"start":{"line":43,"column":4},"end":{"line":45,"column":null}},"22":{"start":{"line":44,"column":6},"end":{"line":44,"column":27}},"23":{"start":{"line":47,"column":4},"end":{"line":47,"column":16}},"24":{"start":{"line":51,"column":4},"end":{"line":51,"column":45}},"25":{"start":{"line":13,"column":13},"end":{"line":53,"column":null}},"26":{"start":{"line":13,"column":13},"end":{"line":13,"column":27}}},"fnMap":{"0":{"name":"(anonymous_1)","decl":{"start":{"line":8,"column":0},"end":{"line":8,"column":12}},"loc":{"start":{"line":8,"column":25},"end":{"line":10,"column":1}}},"1":{"name":"(anonymous_2)","decl":{"start":{"line":14,"column":9},"end":{"line":14,"column":14}},"loc":{"start":{"line":14,"column":60},"end":{"line":35,"column":3}}},"2":{"name":"(anonymous_3)","decl":{"start":{"line":37,"column":9},"end":{"line":37,"column":14}},"loc":{"start":{"line":37,"column":74},"end":{"line":48,"column":3}}},"3":{"name":"(anonymous_4)","decl":{"start":{"line":50,"column":10},"end":{"line":50,"column":15}},"loc":{"start":{"line":50,"column":59},"end":{"line":52,"column":3}}}},"branchMap":{"0":{"loc":{"start":{"line":8,"column":12},"end":{"line":8,"column":25}},"type":"binary-expr","locations":[{"start":{"line":8,"column":12},"end":{"line":8,"column":25}},{"start":{"line":8,"column":12},"end":{"line":8,"column":null}}]},"1":{"loc":{"start":{"line":30,"column":6},"end":{"line":32,"column":null}},"type":"if","locations":[{"start":{"line":30,"column":6},"end":{"line":32,"column":null}},{"start":{"line":30,"column":6},"end":{"line":32,"column":null}}]},"2":{"loc":{"start":{"line":43,"column":4},"end":{"line":45,"column":null}},"type":"if","locations":[{"start":{"line":43,"column":4},"end":{"line":45,"column":null}},{"start":{"line":43,"column":4},"end":{"line":45,"column":null}}]},"3":{"loc":{"start":{"line":43,"column":8},"end":{"line":43,"column":12}},"type":"binary-expr","locations":[{"start":{"line":43,"column":8},"end":{"line":43,"column":12}},{"start":{"line":43,"column":16},"end":{"line":43,"column":53}}]}},"s":{"0":2,"1":2,"2":2,"3":2,"4":2,"5":2,"6":2,"7":2,"8":0,"9":0,"10":0,"11":0,"12":0,"13":0,"14":0,"15":0,"16":0,"17":0,"18":0,"19":0,"20":0,"21":0,"22":0,"23":0,"24":0,"25":2,"26":2},"f":{"0":2,"1":0,"2":0,"3":0},"b":{"0":[2,2],"1":[0,0],"2":[0,0],"3":[0,0]}}
,"/Users/vinicioswentz/Documents/NestJS/nestjs-task-management/src/auth/services/auth.service.ts": {"path":"/Users/vinicioswentz/Documents/NestJS/nestjs-task-management/src/auth/services/auth.service.ts","statementMap":{"0":{"start":{"line":1,"column":0},"end":{"line":1,"column":63}},"1":{"start":{"line":2,"column":0},"end":{"line":2,"column":65}},"2":{"start":{"line":4,"column":0},"end":{"line":4,"column":41}},"3":{"start":{"line":6,"column":0},"end":{"line":6,"column":40}},"4":{"start":{"line":9,"column":0},"end":{"line":35,"column":null}},"5":{"start":{"line":12,"column":22},"end":{"line":12,"column":38}},"6":{"start":{"line":12,"column":62},"end":{"line":12,"column":74}},"7":{"start":{"line":13,"column":4},"end":{"line":13,"column":44}},"8":{"start":{"line":17,"column":4},"end":{"line":17,"column":48}},"9":{"start":{"line":18,"column":4},"end":{"line":18,"column":54}},"10":{"start":{"line":22,"column":29},"end":{"line":22,"column":91}},"11":{"start":{"line":24,"column":4},"end":{"line":26,"column":null}},"12":{"start":{"line":25,"column":6},"end":{"line":25,"column":66}},"13":{"start":{"line":28,"column":32},"end":{"line":30,"column":6}},"14":{"start":{"line":32,"column":32},"end":{"line":32,"column":67}},"15":{"start":{"line":33,"column":4},"end":{"line":33,"column":40}},"16":{"start":{"line":9,"column":13},"end":{"line":35,"column":null}},"17":{"start":{"line":9,"column":13},"end":{"line":9,"column":24}}},"fnMap":{"0":{"name":"(anonymous_2)","decl":{"start":{"line":12,"column":2},"end":{"line":12,"column":22}},"loc":{"start":{"line":12,"column":84},"end":{"line":14,"column":3}}},"1":{"name":"(anonymous_3)","decl":{"start":{"line":16,"column":9},"end":{"line":16,"column":14}},"loc":{"start":{"line":16,"column":56},"end":{"line":19,"column":3}}},"2":{"name":"(anonymous_4)","decl":{"start":{"line":21,"column":9},"end":{"line":21,"column":14}},"loc":{"start":{"line":21,"column":56},"end":{"line":34,"column":3}}}},"branchMap":{"0":{"loc":{"start":{"line":24,"column":4},"end":{"line":26,"column":null}},"type":"if","locations":[{"start":{"line":24,"column":4},"end":{"line":26,"column":null}},{"start":{"line":24,"column":4},"end":{"line":26,"column":null}}]}},"s":{"0":2,"1":2,"2":2,"3":2,"4":2,"5":0,"6":0,"7":0,"8":0,"9":0,"10":0,"11":0,"12":0,"13":0,"14":0,"15":0,"16":2,"17":2},"f":{"0":0,"1":0,"2":0},"b":{"0":[0,0]}}
,"/Users/vinicioswentz/Documents/NestJS/nestjs-task-management/src/tasks/task.builder.ts": {"path":"/Users/vinicioswentz/Documents/NestJS/nestjs-task-management/src/tasks/task.builder.ts","statementMap":{"0":{"start":{"line":2,"column":0},"end":{"line":2,"column":46}},"1":{"start":{"line":13,"column":4},"end":{"line":13,"column":23}},"2":{"start":{"line":14,"column":4},"end":{"line":14,"column":16}},"3":{"start":{"line":18,"column":4},"end":{"line":18,"column":35}},"4":{"start":{"line":19,"column":4},"end":{"line":19,"column":16}},"5":{"start":{"line":23,"column":4},"end":{"line":23,"column":25}},"6":{"start":{"line":24,"column":4},"end":{"line":24,"column":16}},"7":{"start":{"line":28,"column":4},"end":{"line":28,"column":21}},"8":{"start":{"line":29,"column":4},"end":{"line":29,"column":16}},"9":{"start":{"line":33,"column":17},"end":{"line":33,"column":27}},"10":{"start":{"line":34,"column":4},"end":{"line":34,"column":28}},"11":{"start":{"line":35,"column":4},"end":{"line":35,"column":40}},"12":{"start":{"line":36,"column":4},"end":{"line":36,"column":26}},"13":{"start":{"line":37,"column":4},"end":{"line":37,"column":30}},"14":{"start":{"line":38,"column":4},"end":{"line":38,"column":16}},"15":{"start":{"line":5,"column":0},"end":{"line":5,"column":13}}},"fnMap":{"0":{"name":"(anonymous_0)","decl":{"start":{"line":12,"column":9},"end":{"line":12,"column":17}},"loc":{"start":{"line":12,"column":31},"end":{"line":15,"column":3}}},"1":{"name":"(anonymous_1)","decl":{"start":{"line":17,"column":9},"end":{"line":17,"column":23}},"loc":{"start":{"line":17,"column":43},"end":{"line":20,"column":3}}},"2":{"name":"(anonymous_2)","decl":{"start":{"line":22,"column":9},"end":{"line":22,"column":18}},"loc":{"start":{"line":22,"column":37},"end":{"line":25,"column":3}}},"3":{"name":"(anonymous_3)","decl":{"start":{"line":27,"column":9},"end":{"line":27,"column":16}},"loc":{"start":{"line":27,"column":27},"end":{"line":30,"column":3}}},"4":{"name":"(anonymous_4)","decl":{"start":{"line":32,"column":9},"end":{"line":32,"column":14}},"loc":{"start":{"line":32,"column":14},"end":{"line":39,"column":3}}}},"branchMap":{},"s":{"0":2,"1":32,"2":32,"3":32,"4":32,"5":32,"6":32,"7":32,"8":32,"9":32,"10":32,"11":32,"12":32,"13":32,"14":32,"15":2},"f":{"0":32,"1":32,"2":32,"3":32,"4":32},"b":{}}
,"/Users/vinicioswentz/Documents/NestJS/nestjs-task-management/src/tasks/controllers/tasks.controller.ts": {"path":"/Users/vinicioswentz/Documents/NestJS/nestjs-task-management/src/tasks/controllers/tasks.controller.ts","statementMap":{"0":{"start":{"line":1,"column":0},"end":{"line":1,"column":null}},"1":{"start":{"line":18,"column":0},"end":{"line":18,"column":57}},"2":{"start":{"line":20,"column":0},"end":{"line":20,"column":55}},"3":{"start":{"line":22,"column":0},"end":{"line":22,"column":80}},"4":{"start":{"line":23,"column":0},"end":{"line":23,"column":55}},"5":{"start":{"line":24,"column":0},"end":{"line":24,"column":64}},"6":{"start":{"line":25,"column":0},"end":{"line":25,"column":45}},"7":{"start":{"line":26,"column":0},"end":{"line":26,"column":56}},"8":{"start":{"line":27,"column":0},"end":{"line":27,"column":55}},"9":{"start":{"line":31,"column":0},"end":{"line":65,"column":null}},"10":{"start":{"line":34,"column":22},"end":{"line":34,"column":37}},"11":{"start":{"line":32,"column":10},"end":{"line":32,"column":57}},"12":{"start":{"line":39,"column":4},"end":{"line":39,"column":70}},"13":{"start":{"line":40,"column":4},"end":{"line":40,"column":56}},"14":{"start":{"line":45,"column":4},"end":{"line":45,"column":52}},"15":{"start":{"line":51,"column":4},"end":{"line":51,"column":64}},"16":{"start":{"line":52,"column":4},"end":{"line":52,"column":62}},"17":{"start":{"line":58,"column":4},"end":{"line":58,"column":65}},"18":{"start":{"line":63,"column":4},"end":{"line":63,"column":55}},"19":{"start":{"line":38,"column":2},"end":{"line":41,"column":null}},"20":{"start":{"line":44,"column":2},"end":{"line":46,"column":null}},"21":{"start":{"line":50,"column":2},"end":{"line":53,"column":null}},"22":{"start":{"line":57,"column":2},"end":{"line":59,"column":null}},"23":{"start":{"line":62,"column":2},"end":{"line":64,"column":null}},"24":{"start":{"line":31,"column":13},"end":{"line":65,"column":null}},"25":{"start":{"line":31,"column":13},"end":{"line":31,"column":28}}},"fnMap":{"0":{"name":"(anonymous_4)","decl":{"start":{"line":34,"column":2},"end":{"line":34,"column":22}},"loc":{"start":{"line":34,"column":49},"end":{"line":34,"column":54}}},"1":{"name":"(anonymous_5)","decl":{"start":{"line":38,"column":9},"end":{"line":38,"column":17}},"loc":{"start":{"line":38,"column":102},"end":{"line":41,"column":3}}},"2":{"name":"(anonymous_6)","decl":{"start":{"line":44,"column":9},"end":{"line":44,"column":20}},"loc":{"start":{"line":44,"column":81},"end":{"line":46,"column":3}}},"3":{"name":"(anonymous_7)","decl":{"start":{"line":50,"column":9},"end":{"line":50,"column":19}},"loc":{"start":{"line":50,"column":79},"end":{"line":53,"column":3}}},"4":{"name":"(anonymous_8)","decl":{"start":{"line":57,"column":9},"end":{"line":57,"column":19}},"loc":{"start":{"line":57,"column":116},"end":{"line":59,"column":3}}},"5":{"name":"(anonymous_9)","decl":{"start":{"line":62,"column":9},"end":{"line":62,"column":23}},"loc":{"start":{"line":62,"column":84},"end":{"line":64,"column":3}}}},"branchMap":{},"s":{"0":1,"1":1,"2":1,"3":1,"4":1,"5":1,"6":1,"7":1,"8":1,"9":1,"10":0,"11":0,"12":0,"13":0,"14":0,"15":0,"16":0,"17":0,"18":0,"19":1,"20":1,"21":1,"22":1,"23":1,"24":1,"25":1},"f":{"0":0,"1":0,"2":0,"3":0,"4":0,"5":0},"b":{}}
,"/Users/vinicioswentz/Documents/NestJS/nestjs-task-management/src/tasks/dto/create-task.dto.ts": {"path":"/Users/vinicioswentz/Documents/NestJS/nestjs-task-management/src/tasks/dto/create-task.dto.ts","statementMap":{"0":{"start":{"line":1,"column":0},"end":{"line":1,"column":45}},"1":{"start":{"line":5,"column":2},"end":{"line":5,"column":null}},"2":{"start":{"line":8,"column":2},"end":{"line":8,"column":null}},"3":{"start":{"line":3,"column":0},"end":{"line":3,"column":13}}},"fnMap":{},"branchMap":{},"s":{"0":1,"1":1,"2":1,"3":1},"f":{},"b":{}}
,"/Users/vinicioswentz/Documents/NestJS/nestjs-task-management/src/tasks/dto/get-tasks-filter.dto.ts": {"path":"/Users/vinicioswentz/Documents/NestJS/nestjs-task-management/src/tasks/dto/get-tasks-filter.dto.ts","statementMap":{"0":{"start":{"line":1,"column":0},"end":{"line":1,"column":63}},"1":{"start":{"line":2,"column":0},"end":{"line":2,"column":55}},"2":{"start":{"line":6,"column":2},"end":{"line":6,"column":null}},"3":{"start":{"line":10,"column":2},"end":{"line":10,"column":null}},"4":{"start":{"line":13,"column":2},"end":{"line":13,"column":null}},"5":{"start":{"line":16,"column":2},"end":{"line":16,"column":null}},"6":{"start":{"line":4,"column":0},"end":{"line":4,"column":13}}},"fnMap":{},"branchMap":{},"s":{"0":1,"1":1,"2":1,"3":1,"4":1,"5":1,"6":1},"f":{},"b":{}}
,"/Users/vinicioswentz/Documents/NestJS/nestjs-task-management/src/tasks/entities/task.entity.ts": {"path":"/Users/vinicioswentz/Documents/NestJS/nestjs-task-management/src/tasks/entities/task.entity.ts","statementMap":{"0":{"start":{"line":1,"column":0},"end":{"line":1,"column":88}},"1":{"start":{"line":2,"column":0},"end":{"line":2,"column":55}},"2":{"start":{"line":3,"column":0},"end":{"line":3,"column":55}},"3":{"start":{"line":6,"column":0},"end":{"line":25,"column":null}},"4":{"start":{"line":9,"column":2},"end":{"line":9,"column":null}},"5":{"start":{"line":12,"column":2},"end":{"line":12,"column":null}},"6":{"start":{"line":15,"column":2},"end":{"line":15,"column":null}},"7":{"start":{"line":18,"column":2},"end":{"line":18,"column":null}},"8":{"start":{"line":21,"column":2},"end":{"line":21,"column":null}},"9":{"start":{"line":24,"column":2},"end":{"line":24,"column":null}},"10":{"start":{"line":23,"column":21},"end":{"line":23,"column":25}},"11":{"start":{"line":23,"column":35},"end":{"line":23,"column":45}},"12":{"start":{"line":6,"column":13},"end":{"line":25,"column":null}},"13":{"start":{"line":6,"column":13},"end":{"line":6,"column":17}}},"fnMap":{"0":{"name":"(anonymous_2)","decl":{"start":{"line":23,"column":13},"end":{"line":23,"column":17}},"loc":{"start":{"line":23,"column":21},"end":{"line":23,"column":25}}},"1":{"name":"(anonymous_3)","decl":{"start":{"line":23,"column":27},"end":{"line":23,"column":31}},"loc":{"start":{"line":23,"column":35},"end":{"line":23,"column":45}}}},"branchMap":{},"s":{"0":4,"1":4,"2":4,"3":4,"4":4,"5":4,"6":4,"7":4,"8":4,"9":4,"10":0,"11":0,"12":4,"13":4},"f":{"0":0,"1":0},"b":{}}
,"/Users/vinicioswentz/Documents/NestJS/nestjs-task-management/src/tasks/enums/task-status.enum.ts": {"path":"/Users/vinicioswentz/Documents/NestJS/nestjs-task-management/src/tasks/enums/task-status.enum.ts","statementMap":{"0":{"start":{"line":1,"column":0},"end":{"line":1,"column":null}},"1":{"start":{"line":2,"column":2},"end":{"line":2,"column":null}},"2":{"start":{"line":3,"column":2},"end":{"line":3,"column":null}},"3":{"start":{"line":4,"column":2},"end":{"line":4,"column":null}}},"fnMap":{"0":{"name":"(anonymous_0)","decl":{"start":{"line":1,"column":0},"end":{"line":1,"column":12}},"loc":{"start":{"line":1,"column":22},"end":{"line":5,"column":1}}}},"branchMap":{"0":{"loc":{"start":{"line":1,"column":12},"end":{"line":1,"column":22}},"type":"binary-expr","locations":[{"start":{"line":1,"column":12},"end":{"line":1,"column":22}},{"start":{"line":1,"column":12},"end":{"line":1,"column":null}}]}},"s":{"0":4,"1":4,"2":4,"3":4},"f":{"0":4},"b":{"0":[4,4]}}
,"/Users/vinicioswentz/Documents/NestJS/nestjs-task-management/src/tasks/pipes/task-status-validation.pipe.ts": {"path":"/Users/vinicioswentz/Documents/NestJS/nestjs-task-management/src/tasks/pipes/task-status-validation.pipe.ts","statementMap":{"0":{"start":{"line":1,"column":0},"end":{"line":1,"column":86}},"1":{"start":{"line":2,"column":0},"end":{"line":2,"column":55}},"2":{"start":{"line":6,"column":4},"end":{"line":15,"column":null}},"3":{"start":{"line":8,"column":31},"end":{"line":8,"column":50}},"4":{"start":{"line":9,"column":8},"end":{"line":11,"column":null}},"5":{"start":{"line":10,"column":10},"end":{"line":10,"column":73}},"6":{"start":{"line":12,"column":8},"end":{"line":12,"column":21}},"7":{"start":{"line":14,"column":8},"end":{"line":14,"column":21}},"8":{"start":{"line":19,"column":4},"end":{"line":19,"column":65}},"9":{"start":{"line":4,"column":0},"end":{"line":4,"column":13}}},"fnMap":{"0":{"name":"(anonymous_0)","decl":{"start":{"line":5,"column":9},"end":{"line":5,"column":18}},"loc":{"start":{"line":5,"column":57},"end":{"line":16,"column":3}}},"1":{"name":"(anonymous_1)","decl":{"start":{"line":18,"column":10},"end":{"line":18,"column":23}},"loc":{"start":{"line":18,"column":37},"end":{"line":20,"column":3}}}},"branchMap":{"0":{"loc":{"start":{"line":7,"column":6},"end":{"line":12,"column":21}},"type":"switch","locations":[{"start":{"line":7,"column":6},"end":{"line":12,"column":21}},{"start":{"line":13,"column":6},"end":{"line":14,"column":21}}]},"1":{"loc":{"start":{"line":9,"column":8},"end":{"line":11,"column":null}},"type":"if","locations":[{"start":{"line":9,"column":8},"end":{"line":11,"column":null}},{"start":{"line":9,"column":8},"end":{"line":11,"column":null}}]}},"s":{"0":1,"1":1,"2":0,"3":0,"4":0,"5":0,"6":0,"7":0,"8":0,"9":1},"f":{"0":0,"1":0},"b":{"0":[0,0],"1":[0,0]}}
,"/Users/vinicioswentz/Documents/NestJS/nestjs-task-management/src/tasks/repositories/task.repository.ts": {"path":"/Users/vinicioswentz/Documents/NestJS/nestjs-task-management/src/tasks/repositories/task.repository.ts","statementMap":{"0":{"start":{"line":1,"column":0},"end":{"line":1,"column":143}},"1":{"start":{"line":2,"column":0},"end":{"line":2,"column":47}},"2":{"start":{"line":4,"column":0},"end":{"line":4,"column":55}},"3":{"start":{"line":5,"column":0},"end":{"line":5,"column":46}},"4":{"start":{"line":8,"column":0},"end":{"line":8,"column":89}},"5":{"start":{"line":11,"column":0},"end":{"line":71,"column":null}},"6":{"start":{"line":13,"column":10},"end":{"line":13,"column":57}},"7":{"start":{"line":16,"column":27},"end":{"line":16,"column":43}},"8":{"start":{"line":17,"column":27},"end":{"line":17,"column":43}},"9":{"start":{"line":19,"column":27},"end":{"line":19,"column":43}},"10":{"start":{"line":20,"column":26},"end":{"line":20,"column":41}},"11":{"start":{"line":22,"column":44},"end":{"line":25,"column":19}},"12":{"start":{"line":27,"column":4},"end":{"line":27,"column":null}},"13":{"start":{"line":27,"column":18},"end":{"line":27,"column":73}},"14":{"start":{"line":28,"column":4},"end":{"line":28,"column":null}},"15":{"start":{"line":28,"column":18},"end":{"line":28,"column":112}},"16":{"start":{"line":30,"column":4},"end":{"line":35,"column":null}},"17":{"start":{"line":31,"column":6},"end":{"line":31,"column":35}},"18":{"start":{"line":33,"column":6},"end":{"line":33,"column":52}},"19":{"start":{"line":34,"column":6},"end":{"line":34,"column":47}},"20":{"start":{"line":39,"column":26},"end":{"line":39,"column":45}},"21":{"start":{"line":40,"column":32},"end":{"line":40,"column":57}},"22":{"start":{"line":42,"column":23},"end":{"line":47,"column":14}},"23":{"start":{"line":49,"column":4},"end":{"line":54,"column":null}},"24":{"start":{"line":50,"column":6},"end":{"line":50,"column":24}},"25":{"start":{"line":52,"column":6},"end":{"line":52,"column":52}},"26":{"start":{"line":53,"column":6},"end":{"line":53,"column":47}},"27":{"start":{"line":56,"column":4},"end":{"line":56,"column":21}},"28":{"start":{"line":57,"column":4},"end":{"line":57,"column":16}},"29":{"start":{"line":61,"column":44},"end":{"line":61,"column":110}},"30":{"start":{"line":62,"column":4},"end":{"line":62,"column":null}},"31":{"start":{"line":62,"column":39},"end":{"line":62,"column":99}},"32":{"start":{"line":63,"column":4},"end":{"line":63,"column":29}},"33":{"start":{"line":67,"column":43},"end":{"line":67,"column":89}},"34":{"start":{"line":68,"column":4},"end":{"line":68,"column":null}},"35":{"start":{"line":68,"column":38},"end":{"line":68,"column":98}},"36":{"start":{"line":69,"column":4},"end":{"line":69,"column":28}},"37":{"start":{"line":11,"column":13},"end":{"line":71,"column":null}},"38":{"start":{"line":11,"column":13},"end":{"line":11,"column":28}}},"fnMap":{"0":{"name":"(anonymous_1)","decl":{"start":{"line":11,"column":0},"end":{"line":11,"column":13}},"loc":{"start":{"line":11,"column":0},"end":{"line":71,"column":1}}},"1":{"name":"(anonymous_2)","decl":{"start":{"line":15,"column":9},"end":{"line":15,"column":14}},"loc":{"start":{"line":15,"column":64},"end":{"line":36,"column":3}}},"2":{"name":"(anonymous_3)","decl":{"start":{"line":38,"column":9},"end":{"line":38,"column":14}},"loc":{"start":{"line":38,"column":66},"end":{"line":58,"column":3}}},"3":{"name":"(anonymous_4)","decl":{"start":{"line":60,"column":9},"end":{"line":60,"column":14}},"loc":{"start":{"line":60,"column":74},"end":{"line":64,"column":3}}},"4":{"name":"(anonymous_5)","decl":{"start":{"line":66,"column":9},"end":{"line":66,"column":14}},"loc":{"start":{"line":66,"column":52},"end":{"line":70,"column":3}}}},"branchMap":{"0":{"loc":{"start":{"line":27,"column":4},"end":{"line":27,"column":null}},"type":"if","locations":[{"start":{"line":27,"column":4},"end":{"line":27,"column":null}},{"start":{"line":27,"column":4},"end":{"line":27,"column":null}}]},"1":{"loc":{"start":{"line":28,"column":4},"end":{"line":28,"column":null}},"type":"if","locations":[{"start":{"line":28,"column":4},"end":{"line":28,"column":null}},{"start":{"line":28,"column":4},"end":{"line":28,"column":null}}]},"2":{"loc":{"start":{"line":62,"column":4},"end":{"line":62,"column":null}},"type":"if","locations":[{"start":{"line":62,"column":4},"end":{"line":62,"column":null}},{"start":{"line":62,"column":4},"end":{"line":62,"column":null}}]},"3":{"loc":{"start":{"line":68,"column":4},"end":{"line":68,"column":null}},"type":"if","locations":[{"start":{"line":68,"column":4},"end":{"line":68,"column":null}},{"start":{"line":68,"column":4},"end":{"line":68,"column":null}}]}},"s":{"0":2,"1":2,"2":2,"3":2,"4":2,"5":2,"6":0,"7":0,"8":0,"9":0,"10":0,"11":0,"12":0,"13":0,"14":0,"15":0,"16":0,"17":0,"18":0,"19":0,"20":0,"21":0,"22":0,"23":0,"24":0,"25":0,"26":0,"27":0,"28":0,"29":0,"30":0,"31":0,"32":0,"33":0,"34":0,"35":0,"36":0,"37":2,"38":2},"f":{"0":0,"1":0,"2":0,"3":0,"4":0},"b":{"0":[0,0],"1":[0,0],"2":[0,0],"3":[0,0]}}
,"/Users/vinicioswentz/Documents/NestJS/nestjs-task-management/src/tasks/services/tasks.service.ts": {"path":"/Users/vinicioswentz/Documents/NestJS/nestjs-task-management/src/tasks/services/tasks.service.ts","statementMap":{"0":{"start":{"line":1,"column":0},"end":{"line":1,"column":63}},"1":{"start":{"line":2,"column":0},"end":{"line":2,"column":66}},"2":{"start":{"line":12,"column":0},"end":{"line":42,"column":null}},"3":{"start":{"line":13,"column":22},"end":{"line":13,"column":38}},"4":{"start":{"line":16,"column":4},"end":{"line":16,"column":63}},"5":{"start":{"line":20,"column":24},"end":{"line":22,"column":6}},"6":{"start":{"line":24,"column":4},"end":{"line":26,"column":null}},"7":{"start":{"line":25,"column":6},"end":{"line":25,"column":66}},"8":{"start":{"line":28,"column":4},"end":{"line":28,"column":17}},"9":{"start":{"line":32,"column":4},"end":{"line":32,"column":63}},"10":{"start":{"line":36,"column":4},"end":{"line":36,"column":72}},"11":{"start":{"line":40,"column":4},"end":{"line":40,"column":62}},"12":{"start":{"line":12,"column":13},"end":{"line":42,"column":null}},"13":{"start":{"line":12,"column":13},"end":{"line":12,"column":25}}},"fnMap":{"0":{"name":"(anonymous_2)","decl":{"start":{"line":13,"column":2},"end":{"line":13,"column":22}},"loc":{"start":{"line":13,"column":53},"end":{"line":13,"column":58}}},"1":{"name":"(anonymous_3)","decl":{"start":{"line":15,"column":9},"end":{"line":15,"column":14}},"loc":{"start":{"line":15,"column":64},"end":{"line":17,"column":3}}},"2":{"name":"(anonymous_4)","decl":{"start":{"line":19,"column":9},"end":{"line":19,"column":14}},"loc":{"start":{"line":19,"column":49},"end":{"line":29,"column":3}}},"3":{"name":"(anonymous_5)","decl":{"start":{"line":31,"column":9},"end":{"line":31,"column":14}},"loc":{"start":{"line":31,"column":66},"end":{"line":33,"column":3}}},"4":{"name":"(anonymous_6)","decl":{"start":{"line":35,"column":9},"end":{"line":35,"column":14}},"loc":{"start":{"line":35,"column":74},"end":{"line":37,"column":3}}},"5":{"name":"(anonymous_7)","decl":{"start":{"line":39,"column":9},"end":{"line":39,"column":14}},"loc":{"start":{"line":39,"column":52},"end":{"line":41,"column":3}}}},"branchMap":{"0":{"loc":{"start":{"line":24,"column":4},"end":{"line":26,"column":null}},"type":"if","locations":[{"start":{"line":24,"column":4},"end":{"line":26,"column":null}},{"start":{"line":24,"column":4},"end":{"line":26,"column":null}}]}},"s":{"0":2,"1":2,"2":2,"3":6,"4":1,"5":2,"6":2,"7":0,"8":2,"9":2,"10":0,"11":0,"12":2,"13":2},"f":{"0":6,"1":1,"2":2,"3":2,"4":0,"5":0},"b":{"0":[0,2]}}
}
